<?xml version="1.0" encoding="UTF-8"?>
<testsuite time="0.052" failures="0" tests="1" name="tests">
	<testcase time="0.002" classname="tests:setup" name="setup.ta" />
	<testcase time="0.044" classname="tests" name="sahi.ta">
		<error
			message="The resource SCOPE_TEST:sahiConf.properties cannot be found. Please note that the resource name must not contains any space."
			type="org.squashtest.ta.backbone.exception.ResourceNotFoundException">
			org.squashtest.ta.backbone.exception.ResourceNotFoundException: The
			resource SCOPE_TEST:sahiConf.properties cannot be found. Please note
			that the resource name must not contains any space.
			at
			org.squashtest.ta.backbone.engine.impl.ResourceLoaderImpl.loadResource(ResourceLoaderImpl.java:112)
			at
			org.squashtest.ta.backbone.engine.impl.ContextManagerImpl.getResource(ContextManagerImpl.java:281)
			at
			org.squashtest.ta.backbone.engine.impl.AbstractContextManagerDecorator.getResource(AbstractContextManagerDecorator.java:165)
			at
			org.squashtest.ta.backbone.engine.instructionrunner.DefaultLoadResourceRunner.getResource(DefaultLoadResourceRunner.java:100)
			at
			org.squashtest.ta.backbone.engine.instructionrunner.DefaultLoadResourceRunner.doRun(DefaultLoadResourceRunner.java:58)
			at
			org.squashtest.ta.backbone.engine.instructionrunner.AbstractDefaultInstructionRunner.run(AbstractDefaultInstructionRunner.java:70)
			at
			org.squashtest.ta.backbone.engine.impl.TestRunnerImpl.runPhase(TestRunnerImpl.java:158)
			at
			org.squashtest.ta.backbone.engine.impl.TestRunnerImpl.runTest(TestRunnerImpl.java:122)
			at
			org.squashtest.ta.backbone.engine.impl.EcosystemRunnerImpl.runAllTests(EcosystemRunnerImpl.java:183)
			at
			org.squashtest.ta.backbone.engine.impl.EcosystemRunnerImpl.run(EcosystemRunnerImpl.java:98)
			at
			org.squashtest.ta.backbone.engine.impl.SuiteRunnerImpl.execute(SuiteRunnerImpl.java:68)
			at
			org.squashtest.ta.backbone.engine.impl.EngineImpl.execute(EngineImpl.java:64)
			at
			org.squashtest.ta.maven.SquashTAMojo.executeImpl(SquashTAMojo.java:212)
			at
			org.squashtest.ta.maven.AbstractSquashTaMojo.execute(AbstractSquashTaMojo.java:197)
			at
			org.apache.maven.plugin.DefaultBuildPluginManager.executeMojo(DefaultBuildPluginManager.java:101)
			at
			org.apache.maven.lifecycle.internal.MojoExecutor.execute(MojoExecutor.java:209)
			at
			org.apache.maven.lifecycle.internal.MojoExecutor.execute(MojoExecutor.java:153)
			at
			org.apache.maven.lifecycle.internal.MojoExecutor.execute(MojoExecutor.java:145)
			at
			org.apache.maven.lifecycle.internal.LifecycleModuleBuilder.buildProject(LifecycleModuleBuilder.java:84)
			at
			org.apache.maven.lifecycle.internal.LifecycleModuleBuilder.buildProject(LifecycleModuleBuilder.java:59)
			at
			org.apache.maven.lifecycle.internal.LifecycleStarter.singleThreadedBuild(LifecycleStarter.java:183)
			at
			org.apache.maven.lifecycle.internal.LifecycleStarter.execute(LifecycleStarter.java:161)
			at org.apache.maven.DefaultMaven.doExecute(DefaultMaven.java:320)
			at org.apache.maven.DefaultMaven.execute(DefaultMaven.java:156)
			at org.apache.maven.cli.MavenCli.execute(MavenCli.java:537)
			at org.apache.maven.cli.MavenCli.doMain(MavenCli.java:196)
			at org.apache.maven.cli.MavenCli.main(MavenCli.java:141)
			at sun.reflect.NativeMethodAccessorImpl.invoke0(Native Method)
			at
			sun.reflect.NativeMethodAccessorImpl.invoke(NativeMethodAccessorImpl.java:62)
			at
			sun.reflect.DelegatingMethodAccessorImpl.invoke(DelegatingMethodAccessorImpl.java:43)
			at java.lang.reflect.Method.invoke(Method.java:497)
			at
			org.codehaus.plexus.classworlds.launcher.Launcher.launchEnhanced(Launcher.java:290)
			at
			org.codehaus.plexus.classworlds.launcher.Launcher.launch(Launcher.java:230)
			at
			org.codehaus.plexus.classworlds.launcher.Launcher.mainWithExitCode(Launcher.java:409)
			at
			org.codehaus.plexus.classworlds.launcher.Launcher.main(Launcher.java:352)

		</error>
	</testcase>
	<testcase time="0.0" classname="tests:teardown" name="teardown.ta" />
</testsuite>